2025-08-05 15:45:17,589 - INFO - 📅 Job notifier scheduled to run daily at 17:30
2025-08-05 15:45:17,589 - INFO - 🚀 Job notifier is now running...
2025-08-05 15:45:17,590 - INFO - Running initial job search...
2025-08-05 15:45:17,590 - INFO - 🔍 Starting daily job search...
2025-08-05 15:45:17,591 - INFO - Found 7 new job listings
2025-08-05 15:45:21,209 - INFO - [SUCCESS] Email sent successfully with 7 job listings!
2025-08-05 15:51:02,295 - INFO - 📅 Job notifier scheduled to run daily at 17:30
2025-08-05 15:51:02,296 - INFO - 🚀 Job notifier is now running...
2025-08-05 15:51:02,296 - INFO - Running initial job search...
2025-08-05 15:51:02,297 - INFO - 🔍 Starting daily job search...
2025-08-05 15:51:02,298 - INFO - Searching Internshala...
2025-08-05 15:51:16,924 - INFO - Searching Unstop...
2025-08-05 15:51:26,970 - INFO - Searching Indeed...
2025-08-05 15:51:41,079 - INFO - Found 2 new job listings
2025-08-05 15:51:44,730 - INFO - [SUCCESS] Email sent successfully with 2 job listings!
2025-08-05 15:53:00,462 - INFO - Searching Internshala...
2025-08-05 15:53:15,435 - INFO - Searching Unstop...
2025-08-05 15:53:26,115 - INFO - Searching Indeed...
2025-08-05 15:55:56,871 - INFO - 📅 Job notifier scheduled to run daily at 17:30
2025-08-05 15:55:56,872 - INFO - 🚀 Job notifier is now running...
2025-08-05 15:55:56,872 - INFO - Running initial job search...
2025-08-05 15:55:56,873 - INFO - 🔍 Starting daily job search...
2025-08-05 15:55:56,873 - INFO - Searching Internshala...
2025-08-05 15:56:10,524 - INFO - Searching Unstop...
2025-08-05 15:56:19,586 - INFO - Searching Indeed...
2025-08-05 15:56:32,652 - INFO - Searching enhanced job sources...
2025-08-05 15:56:32,670 - ERROR - Error fetching GitHub jobs for full stack: HTTPSConnectionPool(host='jobs.github.com', port=443): Max retries exceeded with url: /positions.json?description=full%20stack&location=india (Caused by NameResolutionError("<urllib3.connection.HTTPSConnection object at 0x00000200FC1D2AD0>: Failed to resolve 'jobs.github.com' ([Errno 11004] getaddrinfo failed)"))
2025-08-05 15:56:32,675 - ERROR - Error fetching GitHub jobs for python: HTTPSConnectionPool(host='jobs.github.com', port=443): Max retries exceeded with url: /positions.json?description=python&location=india (Caused by NameResolutionError("<urllib3.connection.HTTPSConnection object at 0x00000200FC1D2470>: Failed to resolve 'jobs.github.com' ([Errno 11004] getaddrinfo failed)"))
2025-08-05 15:56:32,679 - ERROR - Error fetching GitHub jobs for machine learning: HTTPSConnectionPool(host='jobs.github.com', port=443): Max retries exceeded with url: /positions.json?description=machine%20learning&location=india (Caused by NameResolutionError("<urllib3.connection.HTTPSConnection object at 0x00000200FC18F1C0>: Failed to resolve 'jobs.github.com' ([Errno 11004] getaddrinfo failed)"))
2025-08-05 15:56:32,683 - ERROR - Error fetching GitHub jobs for data science: HTTPSConnectionPool(host='jobs.github.com', port=443): Max retries exceeded with url: /positions.json?description=data%20science&location=india (Caused by NameResolutionError("<urllib3.connection.HTTPSConnection object at 0x00000200FC1D23E0>: Failed to resolve 'jobs.github.com' ([Errno 11004] getaddrinfo failed)"))
2025-08-05 15:56:33,615 - INFO - Found 14 new job listings
2025-08-05 15:56:37,077 - INFO - [SUCCESS] Email sent successfully with 14 job listings!
2025-08-06 18:34:05,555 - INFO - 📅 Job notifier scheduled to run daily at 17:30
2025-08-06 18:34:05,559 - INFO - 🚀 Job notifier is now running...
2025-08-06 18:34:05,560 - INFO - Running initial job search...
2025-08-06 18:34:05,560 - INFO - 🔍 Starting daily job search...
2025-08-06 18:34:05,562 - INFO - Searching Internshala...
2025-08-06 18:34:21,267 - INFO - Searching Unstop...
2025-08-06 18:34:29,947 - INFO - Searching Indeed...
2025-08-06 18:34:42,807 - INFO - Searching enhanced job sources...
2025-08-06 18:34:42,833 - ERROR - Error fetching GitHub jobs for full stack: HTTPSConnectionPool(host='jobs.github.com', port=443): Max retries exceeded with url: /positions.json?description=full%20stack&location=india (Caused by NameResolutionError("<urllib3.connection.HTTPSConnection object at 0x0000016FF2AB0760>: Failed to resolve 'jobs.github.com' ([Errno 11004] getaddrinfo failed)"))
2025-08-06 18:34:42,841 - ERROR - Error fetching GitHub jobs for python: HTTPSConnectionPool(host='jobs.github.com', port=443): Max retries exceeded with url: /positions.json?description=python&location=india (Caused by NameResolutionError("<urllib3.connection.HTTPSConnection object at 0x0000016FF2AB0100>: Failed to resolve 'jobs.github.com' ([Errno 11004] getaddrinfo failed)"))
2025-08-06 18:34:42,847 - ERROR - Error fetching GitHub jobs for machine learning: HTTPSConnectionPool(host='jobs.github.com', port=443): Max retries exceeded with url: /positions.json?description=machine%20learning&location=india (Caused by NameResolutionError("<urllib3.connection.HTTPSConnection object at 0x0000016FF2AB1360>: Failed to resolve 'jobs.github.com' ([Errno 11004] getaddrinfo failed)"))
2025-08-06 18:34:42,852 - ERROR - Error fetching GitHub jobs for data science: HTTPSConnectionPool(host='jobs.github.com', port=443): Max retries exceeded with url: /positions.json?description=data%20science&location=india (Caused by NameResolutionError("<urllib3.connection.HTTPSConnection object at 0x0000016FF2AB1C30>: Failed to resolve 'jobs.github.com' ([Errno 11004] getaddrinfo failed)"))
2025-08-06 18:34:43,757 - INFO - Found 14 new job listings
2025-08-06 18:34:47,100 - INFO - [SUCCESS] Email sent successfully with 14 job listings!
2026-02-17 13:52:12,598 - INFO - 📅 Job notifier scheduled to run daily at 17:30
2026-02-17 13:52:12,598 - INFO - 🚀 Job notifier is now running...
2026-02-17 13:52:12,598 - INFO - Running initial job search...
2026-02-17 13:52:12,598 - INFO - 🔍 Starting daily job search...
2026-02-17 13:52:12,598 - INFO - Searching Internshala...
2026-02-17 13:52:23,830 - INFO - Searching Unstop...
2026-02-17 13:52:32,403 - INFO - Searching Indeed...
2026-02-17 13:52:45,181 - INFO - Searching enhanced job sources...
2026-02-17 13:52:45,252 - ERROR - Error fetching GitHub jobs for full stack: HTTPSConnectionPool(host='jobs.github.com', port=443): Max retries exceeded with url: /positions.json?description=full%20stack&location=india (Caused by NameResolutionError("HTTPSConnection(host='jobs.github.com', port=443): Failed to resolve 'jobs.github.com' ([Errno 11001] getaddrinfo failed)"))
2026-02-17 13:52:45,391 - ERROR - Error fetching GitHub jobs for python: HTTPSConnectionPool(host='jobs.github.com', port=443): Max retries exceeded with url: /positions.json?description=python&location=india (Caused by NameResolutionError("HTTPSConnection(host='jobs.github.com', port=443): Failed to resolve 'jobs.github.com' ([Errno 11001] getaddrinfo failed)"))
2026-02-17 13:52:45,605 - ERROR - Error fetching GitHub jobs for machine learning: HTTPSConnectionPool(host='jobs.github.com', port=443): Max retries exceeded with url: /positions.json?description=machine%20learning&location=india (Caused by NameResolutionError("HTTPSConnection(host='jobs.github.com', port=443): Failed to resolve 'jobs.github.com' ([Errno 11001] getaddrinfo failed)"))
2026-02-17 13:52:45,877 - ERROR - Error fetching GitHub jobs for data science: HTTPSConnectionPool(host='jobs.github.com', port=443): Max retries exceeded with url: /positions.json?description=data%20science&location=india (Caused by NameResolutionError("HTTPSConnection(host='jobs.github.com', port=443): Failed to resolve 'jobs.github.com' ([Errno 11004] getaddrinfo failed)"))
2026-02-17 13:52:48,937 - INFO - Found 14 new job listings
2026-02-17 13:52:51,740 - INFO - [SUCCESS] Email sent successfully with 14 job listings!
